2025-03-02 13:49:09 - api - INFO - Creating new research task 4feb619d-09f8-4ad4-98f7-2de0cff32a62 for query: What are the latest developments in artificial intelligence and machine learning?
2025-03-02 13:49:09 - api - DEBUG - Initialized task state for 4feb619d-09f8-4ad4-98f7-2de0cff32a62
2025-03-02 13:49:09 - api - INFO - Adding research task 4feb619d-09f8-4ad4-98f7-2de0cff32a62 to background tasks
2025-03-02 13:49:09 - api - DEBUG - Research task 4feb619d-09f8-4ad4-98f7-2de0cff32a62 created successfully
2025-03-02 13:49:09 - api - INFO - Processing research task 4feb619d-09f8-4ad4-98f7-2de0cff32a62 for query: What are the latest developments in artificial intelligence and machine learning?
2025-03-02 13:49:33 - api - INFO - Research task 4feb619d-09f8-4ad4-98f7-2de0cff32a62 completed successfully
2025-03-02 13:50:50 - api - INFO - Creating new research task 38f3775e-d9ce-475b-8f14-0c23cb651828 for query: What are the latest advancements in quantum computing and its real-world applications?
2025-03-02 13:50:50 - api - DEBUG - Initialized task state for 38f3775e-d9ce-475b-8f14-0c23cb651828
2025-03-02 13:50:50 - api - INFO - Adding research task 38f3775e-d9ce-475b-8f14-0c23cb651828 to background tasks
2025-03-02 13:50:50 - api - DEBUG - Research task 38f3775e-d9ce-475b-8f14-0c23cb651828 created successfully
2025-03-02 13:50:50 - api - INFO - Processing research task 38f3775e-d9ce-475b-8f14-0c23cb651828 for query: What are the latest advancements in quantum computing and its real-world applications?
2025-03-02 13:51:05 - api - DEBUG - Checking status for task 38f3775e-d9ce-475b-8f14-0c23cb651828
2025-03-02 13:51:05 - api - DEBUG - Retrieved task 38f3775e-d9ce-475b-8f14-0c23cb651828 with status: processing
2025-03-02 13:51:05 - api - DEBUG - Task 38f3775e-d9ce-475b-8f14-0c23cb651828 is still processing
2025-03-02 13:51:21 - api - INFO - Research task 38f3775e-d9ce-475b-8f14-0c23cb651828 completed successfully
2025-03-02 13:51:31 - api - DEBUG - Checking status for task 38f3775e-d9ce-475b-8f14-0c23cb651828
2025-03-02 13:51:31 - api - DEBUG - Retrieved task 38f3775e-d9ce-475b-8f14-0c23cb651828 with status: completed
2025-03-02 13:51:31 - api - INFO - Task 38f3775e-d9ce-475b-8f14-0c23cb651828 completed with confidence score: 0.0
2025-03-02 14:04:49 - api - INFO - Creating new research task 047a7714-f4fa-4cfc-a095-d739ff41223c for query: What are the latest developments in renewable energy technology?
2025-03-02 14:04:49 - api - DEBUG - Initialized task state for 047a7714-f4fa-4cfc-a095-d739ff41223c
2025-03-02 14:04:49 - api - INFO - Adding research task 047a7714-f4fa-4cfc-a095-d739ff41223c to background tasks
2025-03-02 14:04:49 - api - DEBUG - Research task 047a7714-f4fa-4cfc-a095-d739ff41223c created successfully
2025-03-02 14:04:49 - api - INFO - Processing research task 047a7714-f4fa-4cfc-a095-d739ff41223c for query: What are the latest developments in renewable energy technology?
2025-03-02 14:05:07 - api - DEBUG - Checking status for task 047a7714-f4fa-4cfc-a095-d739ff41223c
2025-03-02 14:05:07 - api - DEBUG - Retrieved task 047a7714-f4fa-4cfc-a095-d739ff41223c with status: processing
2025-03-02 14:05:07 - api - DEBUG - Task 047a7714-f4fa-4cfc-a095-d739ff41223c is still processing
2025-03-02 14:05:22 - api - INFO - Research task 047a7714-f4fa-4cfc-a095-d739ff41223c completed successfully
2025-03-02 14:05:37 - api - DEBUG - Checking status for task 047a7714-f4fa-4cfc-a095-d739ff41223c
2025-03-02 14:05:37 - api - DEBUG - Retrieved task 047a7714-f4fa-4cfc-a095-d739ff41223c with status: completed
2025-03-02 14:05:37 - api - INFO - Task 047a7714-f4fa-4cfc-a095-d739ff41223c completed with confidence score: 0.0
2025-03-02 14:15:50 - api - INFO - Creating new research task 33307437-af99-445f-ad28-cba8ce9b2c9a for query: Research about: https://www.example.com/article
2025-03-02 14:15:50 - api - DEBUG - Initialized task state for 33307437-af99-445f-ad28-cba8ce9b2c9a
2025-03-02 14:15:50 - api - INFO - Adding research task 33307437-af99-445f-ad28-cba8ce9b2c9a to background tasks
2025-03-02 14:15:50 - api - DEBUG - Research task 33307437-af99-445f-ad28-cba8ce9b2c9a created successfully
2025-03-02 14:15:50 - api - INFO - Processing research task 33307437-af99-445f-ad28-cba8ce9b2c9a for query: Research about: https://www.example.com/article
2025-03-02 14:15:51 - api - INFO - Creating new research task 2e4ec15e-b08f-45cf-9e54-26ff6155c977 for query: Research about: https://api.github.com/repos/user/repo
2025-03-02 14:15:51 - api - DEBUG - Initialized task state for 2e4ec15e-b08f-45cf-9e54-26ff6155c977
2025-03-02 14:15:51 - api - INFO - Adding research task 2e4ec15e-b08f-45cf-9e54-26ff6155c977 to background tasks
2025-03-02 14:15:51 - api - DEBUG - Research task 2e4ec15e-b08f-45cf-9e54-26ff6155c977 created successfully
2025-03-02 14:15:51 - api - INFO - Processing research task 2e4ec15e-b08f-45cf-9e54-26ff6155c977 for query: Research about: https://api.github.com/repos/user/repo
2025-03-02 14:15:52 - api - INFO - Creating new research task f7934bbe-85c4-4f2b-958d-96d2970ce523 for query: Research about: https://docs.python.org/3/library/
2025-03-02 14:15:52 - api - DEBUG - Initialized task state for f7934bbe-85c4-4f2b-958d-96d2970ce523
2025-03-02 14:15:52 - api - INFO - Adding research task f7934bbe-85c4-4f2b-958d-96d2970ce523 to background tasks
2025-03-02 14:15:52 - api - DEBUG - Research task f7934bbe-85c4-4f2b-958d-96d2970ce523 created successfully
2025-03-02 14:15:52 - api - INFO - Processing research task f7934bbe-85c4-4f2b-958d-96d2970ce523 for query: Research about: https://docs.python.org/3/library/
2025-03-02 14:15:53 - api - INFO - Creating new research task ef7bdcee-8327-4b24-a5ab-8c6507d169bf for query: Research about: https://example.com/search?q=test&page=1
2025-03-02 14:15:53 - api - DEBUG - Initialized task state for ef7bdcee-8327-4b24-a5ab-8c6507d169bf
2025-03-02 14:15:53 - api - INFO - Adding research task ef7bdcee-8327-4b24-a5ab-8c6507d169bf to background tasks
2025-03-02 14:15:53 - api - DEBUG - Research task ef7bdcee-8327-4b24-a5ab-8c6507d169bf created successfully
2025-03-02 14:15:53 - api - INFO - Processing research task ef7bdcee-8327-4b24-a5ab-8c6507d169bf for query: Research about: https://example.com/search?q=test&page=1
2025-03-02 14:15:54 - api - INFO - Creating new research task d0406e5b-4843-4a78-ac4e-1d3e89339243 for query: Research about: https://api.example.com/v1/users?include=profile,settings
2025-03-02 14:15:54 - api - DEBUG - Initialized task state for d0406e5b-4843-4a78-ac4e-1d3e89339243
2025-03-02 14:15:54 - api - INFO - Adding research task d0406e5b-4843-4a78-ac4e-1d3e89339243 to background tasks
2025-03-02 14:15:54 - api - DEBUG - Research task d0406e5b-4843-4a78-ac4e-1d3e89339243 created successfully
2025-03-02 14:15:54 - api - INFO - Processing research task d0406e5b-4843-4a78-ac4e-1d3e89339243 for query: Research about: https://api.example.com/v1/users?include=profile,settings
2025-03-02 14:15:55 - api - INFO - Creating new research task 2573ab78-10ac-4cb8-8ed4-18b4d663d767 for query: Research about: https://example.com/product?utm_source=google&utm_medium=cpc
2025-03-02 14:15:55 - api - DEBUG - Initialized task state for 2573ab78-10ac-4cb8-8ed4-18b4d663d767
2025-03-02 14:15:55 - api - INFO - Adding research task 2573ab78-10ac-4cb8-8ed4-18b4d663d767 to background tasks
2025-03-02 14:15:55 - api - DEBUG - Research task 2573ab78-10ac-4cb8-8ed4-18b4d663d767 created successfully
2025-03-02 14:15:55 - api - INFO - Processing research task 2573ab78-10ac-4cb8-8ed4-18b4d663d767 for query: Research about: https://example.com/product?utm_source=google&utm_medium=cpc
2025-03-02 14:15:56 - api - INFO - Creating new research task 28d5daca-5c43-49af-ab65-d7136e220675 for query: Research about: https://shop.com/item?fbclid=123&ref=social
2025-03-02 14:15:56 - api - DEBUG - Initialized task state for 28d5daca-5c43-49af-ab65-d7136e220675
2025-03-02 14:15:56 - api - INFO - Adding research task 28d5daca-5c43-49af-ab65-d7136e220675 to background tasks
2025-03-02 14:15:56 - api - DEBUG - Research task 28d5daca-5c43-49af-ab65-d7136e220675 created successfully
2025-03-02 14:15:56 - api - INFO - Processing research task 28d5daca-5c43-49af-ab65-d7136e220675 for query: Research about: https://shop.com/item?fbclid=123&ref=social
2025-03-02 14:15:57 - api - INFO - Creating new research task a39c2ede-714b-47d5-a545-7774d8d38cbf for query: Research about: https://docs.example.com/guide#section-1
2025-03-02 14:15:57 - api - DEBUG - Initialized task state for a39c2ede-714b-47d5-a545-7774d8d38cbf
2025-03-02 14:15:57 - api - INFO - Adding research task a39c2ede-714b-47d5-a545-7774d8d38cbf to background tasks
2025-03-02 14:15:57 - api - DEBUG - Research task a39c2ede-714b-47d5-a545-7774d8d38cbf created successfully
2025-03-02 14:15:57 - api - INFO - Processing research task a39c2ede-714b-47d5-a545-7774d8d38cbf for query: Research about: https://docs.example.com/guide#section-1
2025-03-02 14:16:46 - api - INFO - Creating new research task 7db1de9f-8c41-4516-a74b-4ee29cd75555 for query: Research about: javascript:alert('xss')
2025-03-02 14:16:46 - api - DEBUG - Initialized task state for 7db1de9f-8c41-4516-a74b-4ee29cd75555
2025-03-02 14:16:46 - api - INFO - Adding research task 7db1de9f-8c41-4516-a74b-4ee29cd75555 to background tasks
2025-03-02 14:16:46 - api - DEBUG - Research task 7db1de9f-8c41-4516-a74b-4ee29cd75555 created successfully
2025-03-02 14:16:46 - api - INFO - Processing research task 7db1de9f-8c41-4516-a74b-4ee29cd75555 for query: Research about: javascript:alert('xss')
2025-03-02 14:16:47 - api - INFO - Creating new research task c0815090-8bb7-4971-a6eb-41f8492e6a18 for query: Research about: data:text/html,<script>alert('xss')</script>
2025-03-02 14:16:47 - api - DEBUG - Initialized task state for c0815090-8bb7-4971-a6eb-41f8492e6a18
2025-03-02 14:16:47 - api - INFO - Adding research task c0815090-8bb7-4971-a6eb-41f8492e6a18 to background tasks
2025-03-02 14:16:47 - api - DEBUG - Research task c0815090-8bb7-4971-a6eb-41f8492e6a18 created successfully
2025-03-02 14:16:47 - api - INFO - Processing research task c0815090-8bb7-4971-a6eb-41f8492e6a18 for query: Research about: data:text/html,<script>alert('xss')</script>
2025-03-02 14:16:48 - api - INFO - Creating new research task 08ecdd5f-7218-4b9b-8b50-82b1d25ec368 for query: Research about: https://example.com@evil.com
2025-03-02 14:16:48 - api - DEBUG - Initialized task state for 08ecdd5f-7218-4b9b-8b50-82b1d25ec368
2025-03-02 14:16:48 - api - INFO - Adding research task 08ecdd5f-7218-4b9b-8b50-82b1d25ec368 to background tasks
2025-03-02 14:16:48 - api - DEBUG - Research task 08ecdd5f-7218-4b9b-8b50-82b1d25ec368 created successfully
2025-03-02 14:16:48 - api - INFO - Processing research task 08ecdd5f-7218-4b9b-8b50-82b1d25ec368 for query: Research about: https://example.com@evil.com
2025-03-02 14:16:50 - api - INFO - Creating new research task 638c8e7e-83b6-438e-b054-69ec1f1faa0e for query: Research about: https://evil.com/redirect?url=http://internal-network/admin
2025-03-02 14:16:50 - api - DEBUG - Initialized task state for 638c8e7e-83b6-438e-b054-69ec1f1faa0e
2025-03-02 14:16:50 - api - INFO - Adding research task 638c8e7e-83b6-438e-b054-69ec1f1faa0e to background tasks
2025-03-02 14:16:50 - api - DEBUG - Research task 638c8e7e-83b6-438e-b054-69ec1f1faa0e created successfully
2025-03-02 14:16:50 - api - INFO - Processing research task 638c8e7e-83b6-438e-b054-69ec1f1faa0e for query: Research about: https://evil.com/redirect?url=http://internal-network/admin
2025-03-02 14:17:13 - api - INFO - Creating new research task aeed0697-e91d-4a3b-bd07-26df85cdd671 for query: Research about: not_a_url
2025-03-02 14:17:13 - api - DEBUG - Initialized task state for aeed0697-e91d-4a3b-bd07-26df85cdd671
2025-03-02 14:17:13 - api - INFO - Adding research task aeed0697-e91d-4a3b-bd07-26df85cdd671 to background tasks
2025-03-02 14:17:13 - api - DEBUG - Research task aeed0697-e91d-4a3b-bd07-26df85cdd671 created successfully
2025-03-02 14:17:13 - api - INFO - Processing research task aeed0697-e91d-4a3b-bd07-26df85cdd671 for query: Research about: not_a_url
2025-03-02 14:17:13 - api - INFO - Creating new research task 62af8fd9-e0c1-483c-9ed0-d21752057cee for query: Research about: http://
2025-03-02 14:17:13 - api - DEBUG - Initialized task state for 62af8fd9-e0c1-483c-9ed0-d21752057cee
2025-03-02 14:17:13 - api - INFO - Adding research task 62af8fd9-e0c1-483c-9ed0-d21752057cee to background tasks
2025-03-02 14:17:13 - api - DEBUG - Research task 62af8fd9-e0c1-483c-9ed0-d21752057cee created successfully
2025-03-02 14:17:13 - api - INFO - Processing research task 62af8fd9-e0c1-483c-9ed0-d21752057cee for query: Research about: http://
2025-03-02 14:17:14 - api - INFO - Creating new research task f9a2f291-eacf-4a1a-8f4c-f832f187bc02 for query: Research about: https://.com
2025-03-02 14:17:14 - api - DEBUG - Initialized task state for f9a2f291-eacf-4a1a-8f4c-f832f187bc02
2025-03-02 14:17:14 - api - INFO - Adding research task f9a2f291-eacf-4a1a-8f4c-f832f187bc02 to background tasks
2025-03-02 14:17:14 - api - DEBUG - Research task f9a2f291-eacf-4a1a-8f4c-f832f187bc02 created successfully
2025-03-02 14:17:14 - api - INFO - Processing research task f9a2f291-eacf-4a1a-8f4c-f832f187bc02 for query: Research about: https://.com
2025-03-02 14:17:15 - api - INFO - Creating new research task e70bbe06-15c9-4cbb-be37-f86ddbc55e79 for query: Research about: http://example.com:abc
2025-03-02 14:17:15 - api - DEBUG - Initialized task state for e70bbe06-15c9-4cbb-be37-f86ddbc55e79
2025-03-02 14:17:15 - api - INFO - Adding research task e70bbe06-15c9-4cbb-be37-f86ddbc55e79 to background tasks
2025-03-02 14:17:15 - api - DEBUG - Research task e70bbe06-15c9-4cbb-be37-f86ddbc55e79 created successfully
2025-03-02 14:17:15 - api - INFO - Processing research task e70bbe06-15c9-4cbb-be37-f86ddbc55e79 for query: Research about: http://example.com:abc
2025-03-02 14:17:15 - api - INFO - Research task 28d5daca-5c43-49af-ab65-d7136e220675 completed successfully
2025-03-02 14:17:16 - api - INFO - Creating new research task 86917a18-f908-4b7d-bee5-e47b4794caca for query: Research about: https://example.com/path with spaces
2025-03-02 14:17:16 - api - DEBUG - Initialized task state for 86917a18-f908-4b7d-bee5-e47b4794caca
2025-03-02 14:17:16 - api - INFO - Adding research task 86917a18-f908-4b7d-bee5-e47b4794caca to background tasks
2025-03-02 14:17:16 - api - DEBUG - Research task 86917a18-f908-4b7d-bee5-e47b4794caca created successfully
2025-03-02 14:17:16 - api - INFO - Processing research task 86917a18-f908-4b7d-bee5-e47b4794caca for query: Research about: https://example.com/path with spaces
2025-03-02 14:17:44 - api - INFO - Creating new research task da0ed4a2-13cb-4786-a96a-0aca8e578f5f for query: Research about: https://example.com/path/with/émojis/🔒
2025-03-02 14:17:44 - api - DEBUG - Initialized task state for da0ed4a2-13cb-4786-a96a-0aca8e578f5f
2025-03-02 14:17:44 - api - INFO - Adding research task da0ed4a2-13cb-4786-a96a-0aca8e578f5f to background tasks
2025-03-02 14:17:44 - api - DEBUG - Research task da0ed4a2-13cb-4786-a96a-0aca8e578f5f created successfully
2025-03-02 14:17:44 - api - INFO - Processing research task da0ed4a2-13cb-4786-a96a-0aca8e578f5f for query: Research about: https://example.com/path/with/émojis/🔒
2025-03-02 14:17:44 - api - INFO - Research task d0406e5b-4843-4a78-ac4e-1d3e89339243 completed successfully
2025-03-02 14:17:44 - api - INFO - Research task ef7bdcee-8327-4b24-a5ab-8c6507d169bf completed successfully
2025-03-02 14:17:44 - api - INFO - Research task 2573ab78-10ac-4cb8-8ed4-18b4d663d767 completed successfully
2025-03-02 14:17:44 - api - INFO - Research task f7934bbe-85c4-4f2b-958d-96d2970ce523 completed successfully
2025-03-02 14:18:26 - api - INFO - Research task 33307437-af99-445f-ad28-cba8ce9b2c9a completed successfully
2025-03-02 14:18:26 - api - INFO - Research task a39c2ede-714b-47d5-a545-7774d8d38cbf completed successfully
2025-03-02 14:18:26 - api - INFO - Research task 7db1de9f-8c41-4516-a74b-4ee29cd75555 completed successfully
2025-03-02 14:18:26 - api - INFO - Research task 2e4ec15e-b08f-45cf-9e54-26ff6155c977 completed successfully
2025-03-02 14:18:32 - api - INFO - Research task da0ed4a2-13cb-4786-a96a-0aca8e578f5f completed successfully
2025-03-02 14:18:33 - api - INFO - Research task c0815090-8bb7-4971-a6eb-41f8492e6a18 completed successfully
2025-03-02 14:18:34 - api - INFO - Research task aeed0697-e91d-4a3b-bd07-26df85cdd671 completed successfully
2025-03-02 14:18:35 - api - INFO - Research task 08ecdd5f-7218-4b9b-8b50-82b1d25ec368 completed successfully
2025-03-02 14:18:35 - api - INFO - Research task 638c8e7e-83b6-438e-b054-69ec1f1faa0e completed successfully
2025-03-02 14:18:41 - api - INFO - Research task f9a2f291-eacf-4a1a-8f4c-f832f187bc02 completed successfully
2025-03-02 14:18:42 - api - INFO - Research task 62af8fd9-e0c1-483c-9ed0-d21752057cee completed successfully
2025-03-02 14:18:52 - api - INFO - Research task 86917a18-f908-4b7d-bee5-e47b4794caca completed successfully
2025-03-02 14:19:06 - api - INFO - Research task e70bbe06-15c9-4cbb-be37-f86ddbc55e79 completed successfully
2025-03-02 14:21:11 - api - INFO - Creating new research task c70f0795-bdce-4d78-958c-fbce14644de3 for query: Research about: https://www.example.com/article
2025-03-02 14:21:11 - api - DEBUG - Initialized task state for c70f0795-bdce-4d78-958c-fbce14644de3
2025-03-02 14:21:11 - api - INFO - Adding research task c70f0795-bdce-4d78-958c-fbce14644de3 to background tasks
2025-03-02 14:21:11 - api - DEBUG - Research task c70f0795-bdce-4d78-958c-fbce14644de3 created successfully
2025-03-02 14:21:11 - api - INFO - Processing research task c70f0795-bdce-4d78-958c-fbce14644de3 for query: Research about: https://www.example.com/article
2025-03-02 14:21:12 - api - INFO - Creating new research task 31d9f59d-6017-4f7e-9d4a-34659bde5943 for query: Research about: https://api.github.com/repos/user/repo
2025-03-02 14:21:12 - api - DEBUG - Initialized task state for 31d9f59d-6017-4f7e-9d4a-34659bde5943
2025-03-02 14:21:12 - api - INFO - Adding research task 31d9f59d-6017-4f7e-9d4a-34659bde5943 to background tasks
2025-03-02 14:21:12 - api - DEBUG - Research task 31d9f59d-6017-4f7e-9d4a-34659bde5943 created successfully
2025-03-02 14:21:12 - api - INFO - Processing research task 31d9f59d-6017-4f7e-9d4a-34659bde5943 for query: Research about: https://api.github.com/repos/user/repo
2025-03-02 14:21:13 - api - INFO - Creating new research task 52e1a195-0746-4c69-9de6-256ed0074d2b for query: Research about: https://docs.python.org/3/library/
2025-03-02 14:21:13 - api - DEBUG - Initialized task state for 52e1a195-0746-4c69-9de6-256ed0074d2b
2025-03-02 14:21:13 - api - INFO - Adding research task 52e1a195-0746-4c69-9de6-256ed0074d2b to background tasks
2025-03-02 14:21:13 - api - DEBUG - Research task 52e1a195-0746-4c69-9de6-256ed0074d2b created successfully
2025-03-02 14:21:13 - api - INFO - Processing research task 52e1a195-0746-4c69-9de6-256ed0074d2b for query: Research about: https://docs.python.org/3/library/
2025-03-02 14:21:14 - api - INFO - Creating new research task 89c15edd-e911-41c1-ba3e-de9aa75d7e6e for query: Research about: https://example.com/search?q=test&page=1
2025-03-02 14:21:14 - api - DEBUG - Initialized task state for 89c15edd-e911-41c1-ba3e-de9aa75d7e6e
2025-03-02 14:21:14 - api - INFO - Adding research task 89c15edd-e911-41c1-ba3e-de9aa75d7e6e to background tasks
2025-03-02 14:21:14 - api - DEBUG - Research task 89c15edd-e911-41c1-ba3e-de9aa75d7e6e created successfully
2025-03-02 14:21:14 - api - INFO - Processing research task 89c15edd-e911-41c1-ba3e-de9aa75d7e6e for query: Research about: https://example.com/search?q=test&page=1
2025-03-02 14:21:15 - api - INFO - Creating new research task 8c140be4-12c1-4cd5-9026-240f906467f4 for query: Research about: https://api.example.com/v1/users?include=profile,settings
2025-03-02 14:21:15 - api - DEBUG - Initialized task state for 8c140be4-12c1-4cd5-9026-240f906467f4
2025-03-02 14:21:15 - api - INFO - Adding research task 8c140be4-12c1-4cd5-9026-240f906467f4 to background tasks
2025-03-02 14:21:15 - api - DEBUG - Research task 8c140be4-12c1-4cd5-9026-240f906467f4 created successfully
2025-03-02 14:21:15 - api - INFO - Processing research task 8c140be4-12c1-4cd5-9026-240f906467f4 for query: Research about: https://api.example.com/v1/users?include=profile,settings
2025-03-02 14:21:16 - api - INFO - Creating new research task 89b4248c-853b-4fd6-9cf0-09a0c9baa109 for query: Research about: https://example.com/product?utm_source=google&utm_medium=cpc
2025-03-02 14:21:16 - api - DEBUG - Initialized task state for 89b4248c-853b-4fd6-9cf0-09a0c9baa109
2025-03-02 14:21:16 - api - INFO - Adding research task 89b4248c-853b-4fd6-9cf0-09a0c9baa109 to background tasks
2025-03-02 14:21:16 - api - DEBUG - Research task 89b4248c-853b-4fd6-9cf0-09a0c9baa109 created successfully
2025-03-02 14:21:16 - api - INFO - Processing research task 89b4248c-853b-4fd6-9cf0-09a0c9baa109 for query: Research about: https://example.com/product?utm_source=google&utm_medium=cpc
2025-03-02 14:21:17 - api - INFO - Creating new research task 6c7375da-b548-42dc-b438-a2d060d4e7e4 for query: Research about: https://shop.com/item?fbclid=123&ref=social
2025-03-02 14:21:17 - api - DEBUG - Initialized task state for 6c7375da-b548-42dc-b438-a2d060d4e7e4
2025-03-02 14:21:17 - api - INFO - Adding research task 6c7375da-b548-42dc-b438-a2d060d4e7e4 to background tasks
2025-03-02 14:21:17 - api - DEBUG - Research task 6c7375da-b548-42dc-b438-a2d060d4e7e4 created successfully
2025-03-02 14:21:17 - api - INFO - Processing research task 6c7375da-b548-42dc-b438-a2d060d4e7e4 for query: Research about: https://shop.com/item?fbclid=123&ref=social
2025-03-02 14:21:18 - api - INFO - Creating new research task a1acbcf3-570d-4b9d-a7f7-a3571810a6c4 for query: Research about: https://docs.example.com/guide#section-1
2025-03-02 14:21:18 - api - DEBUG - Initialized task state for a1acbcf3-570d-4b9d-a7f7-a3571810a6c4
2025-03-02 14:21:18 - api - INFO - Adding research task a1acbcf3-570d-4b9d-a7f7-a3571810a6c4 to background tasks
2025-03-02 14:21:18 - api - DEBUG - Research task a1acbcf3-570d-4b9d-a7f7-a3571810a6c4 created successfully
2025-03-02 14:21:18 - api - INFO - Processing research task a1acbcf3-570d-4b9d-a7f7-a3571810a6c4 for query: Research about: https://docs.example.com/guide#section-1
2025-03-02 14:21:19 - api - INFO - Creating new research task 7d5e3bd1-32fa-4cf9-91a5-d9cf33d706e1 for query: Research about: https://app.com/dashboard#/settings/profile
2025-03-02 14:21:19 - api - DEBUG - Initialized task state for 7d5e3bd1-32fa-4cf9-91a5-d9cf33d706e1
2025-03-02 14:21:19 - api - INFO - Adding research task 7d5e3bd1-32fa-4cf9-91a5-d9cf33d706e1 to background tasks
2025-03-02 14:21:19 - api - DEBUG - Research task 7d5e3bd1-32fa-4cf9-91a5-d9cf33d706e1 created successfully
2025-03-02 14:21:19 - api - INFO - Processing research task 7d5e3bd1-32fa-4cf9-91a5-d9cf33d706e1 for query: Research about: https://app.com/dashboard#/settings/profile
2025-03-02 14:21:20 - api - INFO - Creating new research task ee1f2c84-64d4-4e0c-b59e-13a7860e9eac for query: Research about: file:///etc/passwd
2025-03-02 14:21:20 - api - DEBUG - Initialized task state for ee1f2c84-64d4-4e0c-b59e-13a7860e9eac
2025-03-02 14:21:20 - api - INFO - Adding research task ee1f2c84-64d4-4e0c-b59e-13a7860e9eac to background tasks
2025-03-02 14:21:20 - api - DEBUG - Research task ee1f2c84-64d4-4e0c-b59e-13a7860e9eac created successfully
2025-03-02 14:21:20 - api - INFO - Processing research task ee1f2c84-64d4-4e0c-b59e-13a7860e9eac for query: Research about: file:///etc/passwd
2025-03-02 14:21:21 - api - INFO - Creating new research task 24b76d2f-f998-4629-8ac0-b2a4deb19691 for query: Research about: http://169.254.169.254/latest/meta-data/
2025-03-02 14:21:21 - api - DEBUG - Initialized task state for 24b76d2f-f998-4629-8ac0-b2a4deb19691
2025-03-02 14:21:21 - api - INFO - Adding research task 24b76d2f-f998-4629-8ac0-b2a4deb19691 to background tasks
2025-03-02 14:21:21 - api - DEBUG - Research task 24b76d2f-f998-4629-8ac0-b2a4deb19691 created successfully
2025-03-02 14:21:21 - api - INFO - Processing research task 24b76d2f-f998-4629-8ac0-b2a4deb19691 for query: Research about: http://169.254.169.254/latest/meta-data/
2025-03-02 14:21:22 - api - INFO - Creating new research task a9920213-f5a8-4cb2-98dd-5b13a979e16a for query: Research about: https://evil.com/script.php?cmd=rm%20-rf%20/
2025-03-02 14:21:22 - api - DEBUG - Initialized task state for a9920213-f5a8-4cb2-98dd-5b13a979e16a
2025-03-02 14:21:22 - api - INFO - Adding research task a9920213-f5a8-4cb2-98dd-5b13a979e16a to background tasks
2025-03-02 14:21:22 - api - DEBUG - Research task a9920213-f5a8-4cb2-98dd-5b13a979e16a created successfully
2025-03-02 14:21:22 - api - INFO - Processing research task a9920213-f5a8-4cb2-98dd-5b13a979e16a for query: Research about: https://evil.com/script.php?cmd=rm%20-rf%20/
2025-03-02 14:21:23 - api - INFO - Research task c70f0795-bdce-4d78-958c-fbce14644de3 completed successfully
2025-03-02 14:21:23 - api - INFO - Creating new research task 1783aab3-11d2-4205-8cdf-038a8e0a36e6 for query: Research about: javascript:alert('xss')
2025-03-02 14:21:23 - api - DEBUG - Initialized task state for 1783aab3-11d2-4205-8cdf-038a8e0a36e6
2025-03-02 14:21:23 - api - INFO - Adding research task 1783aab3-11d2-4205-8cdf-038a8e0a36e6 to background tasks
2025-03-02 14:21:23 - api - DEBUG - Research task 1783aab3-11d2-4205-8cdf-038a8e0a36e6 created successfully
2025-03-02 14:21:23 - api - INFO - Processing research task 1783aab3-11d2-4205-8cdf-038a8e0a36e6 for query: Research about: javascript:alert('xss')
2025-03-02 14:21:24 - api - INFO - Creating new research task a3e8799b-6965-4032-9b32-086be041ce40 for query: Research about: data:text/html,<script>alert('xss')</script>
2025-03-02 14:21:24 - api - DEBUG - Initialized task state for a3e8799b-6965-4032-9b32-086be041ce40
2025-03-02 14:21:24 - api - INFO - Adding research task a3e8799b-6965-4032-9b32-086be041ce40 to background tasks
2025-03-02 14:21:24 - api - DEBUG - Research task a3e8799b-6965-4032-9b32-086be041ce40 created successfully
2025-03-02 14:21:24 - api - INFO - Processing research task a3e8799b-6965-4032-9b32-086be041ce40 for query: Research about: data:text/html,<script>alert('xss')</script>
2025-03-02 14:21:25 - api - INFO - Creating new research task 3ec61f50-07be-4ce9-b819-aa5e9ff011b6 for query: Research about: https://example.com@evil.com
2025-03-02 14:21:25 - api - DEBUG - Initialized task state for 3ec61f50-07be-4ce9-b819-aa5e9ff011b6
2025-03-02 14:21:25 - api - INFO - Adding research task 3ec61f50-07be-4ce9-b819-aa5e9ff011b6 to background tasks
2025-03-02 14:21:25 - api - DEBUG - Research task 3ec61f50-07be-4ce9-b819-aa5e9ff011b6 created successfully
2025-03-02 14:21:25 - api - INFO - Processing research task 3ec61f50-07be-4ce9-b819-aa5e9ff011b6 for query: Research about: https://example.com@evil.com
2025-03-02 14:21:26 - api - INFO - Creating new research task cd8dc545-53ad-42a0-8c82-52fd7bdf39d5 for query: Research about: https://evil.com/redirect?url=http://internal-network/admin
2025-03-02 14:21:26 - api - DEBUG - Initialized task state for cd8dc545-53ad-42a0-8c82-52fd7bdf39d5
2025-03-02 14:21:26 - api - INFO - Adding research task cd8dc545-53ad-42a0-8c82-52fd7bdf39d5 to background tasks
2025-03-02 14:21:26 - api - DEBUG - Research task cd8dc545-53ad-42a0-8c82-52fd7bdf39d5 created successfully
2025-03-02 14:21:26 - api - INFO - Processing research task cd8dc545-53ad-42a0-8c82-52fd7bdf39d5 for query: Research about: https://evil.com/redirect?url=http://internal-network/admin
2025-03-02 14:21:27 - api - INFO - Research task 52e1a195-0746-4c69-9de6-256ed0074d2b completed successfully
2025-03-02 14:21:27 - api - INFO - Creating new research task 166bb7af-3a65-4d2c-afb6-375b2bc3784a for query: Research about: not_a_url
2025-03-02 14:21:27 - api - DEBUG - Initialized task state for 166bb7af-3a65-4d2c-afb6-375b2bc3784a
2025-03-02 14:21:27 - api - INFO - Adding research task 166bb7af-3a65-4d2c-afb6-375b2bc3784a to background tasks
2025-03-02 14:21:27 - api - DEBUG - Research task 166bb7af-3a65-4d2c-afb6-375b2bc3784a created successfully
2025-03-02 14:21:27 - api - INFO - Processing research task 166bb7af-3a65-4d2c-afb6-375b2bc3784a for query: Research about: not_a_url
2025-03-02 14:21:28 - api - INFO - Research task 6c7375da-b548-42dc-b438-a2d060d4e7e4 completed successfully
2025-03-02 14:21:28 - api - INFO - Creating new research task d90e6476-b860-44ea-a911-c849f8dbbcca for query: Research about: http://
2025-03-02 14:21:28 - api - DEBUG - Initialized task state for d90e6476-b860-44ea-a911-c849f8dbbcca
2025-03-02 14:21:28 - api - INFO - Adding research task d90e6476-b860-44ea-a911-c849f8dbbcca to background tasks
2025-03-02 14:21:28 - api - DEBUG - Research task d90e6476-b860-44ea-a911-c849f8dbbcca created successfully
2025-03-02 14:21:28 - api - INFO - Processing research task d90e6476-b860-44ea-a911-c849f8dbbcca for query: Research about: http://
2025-03-02 14:21:29 - api - INFO - Research task 89c15edd-e911-41c1-ba3e-de9aa75d7e6e completed successfully
2025-03-02 14:21:29 - api - INFO - Research task 8c140be4-12c1-4cd5-9026-240f906467f4 completed successfully
2025-03-02 14:21:29 - api - INFO - Research task 7d5e3bd1-32fa-4cf9-91a5-d9cf33d706e1 completed successfully
2025-03-02 14:21:29 - api - INFO - Creating new research task 1b041310-b422-4fc3-b604-38c457ffd40c for query: Research about: https://.com
2025-03-02 14:21:29 - api - DEBUG - Initialized task state for 1b041310-b422-4fc3-b604-38c457ffd40c
2025-03-02 14:21:29 - api - INFO - Adding research task 1b041310-b422-4fc3-b604-38c457ffd40c to background tasks
2025-03-02 14:21:29 - api - DEBUG - Research task 1b041310-b422-4fc3-b604-38c457ffd40c created successfully
2025-03-02 14:21:29 - api - INFO - Processing research task 1b041310-b422-4fc3-b604-38c457ffd40c for query: Research about: https://.com
2025-03-02 14:21:30 - api - INFO - Creating new research task be404fcf-4745-4c1c-aa9d-8c1e1d7f96b4 for query: Research about: http://example.com:abc
2025-03-02 14:21:30 - api - DEBUG - Initialized task state for be404fcf-4745-4c1c-aa9d-8c1e1d7f96b4
2025-03-02 14:21:30 - api - INFO - Adding research task be404fcf-4745-4c1c-aa9d-8c1e1d7f96b4 to background tasks
2025-03-02 14:21:30 - api - DEBUG - Research task be404fcf-4745-4c1c-aa9d-8c1e1d7f96b4 created successfully
2025-03-02 14:21:30 - api - INFO - Processing research task be404fcf-4745-4c1c-aa9d-8c1e1d7f96b4 for query: Research about: http://example.com:abc
2025-03-02 14:21:31 - api - INFO - Research task a1acbcf3-570d-4b9d-a7f7-a3571810a6c4 completed successfully
2025-03-02 14:21:31 - api - INFO - Creating new research task cbd8b67a-3259-41ac-aea0-5ff419f36b2a for query: Research about: https://example.com/path with spaces
2025-03-02 14:21:31 - api - DEBUG - Initialized task state for cbd8b67a-3259-41ac-aea0-5ff419f36b2a
2025-03-02 14:21:31 - api - INFO - Adding research task cbd8b67a-3259-41ac-aea0-5ff419f36b2a to background tasks
2025-03-02 14:21:31 - api - DEBUG - Research task cbd8b67a-3259-41ac-aea0-5ff419f36b2a created successfully
2025-03-02 14:21:31 - api - INFO - Processing research task cbd8b67a-3259-41ac-aea0-5ff419f36b2a for query: Research about: https://example.com/path with spaces
2025-03-02 14:21:32 - api - INFO - Creating new research task 3e242cdb-2411-4669-84f7-bcbbb93645ac for query: Research about: https://example.com/path/with/émojis/🔒
2025-03-02 14:21:32 - api - DEBUG - Initialized task state for 3e242cdb-2411-4669-84f7-bcbbb93645ac
2025-03-02 14:21:32 - api - INFO - Adding research task 3e242cdb-2411-4669-84f7-bcbbb93645ac to background tasks
2025-03-02 14:21:32 - api - DEBUG - Research task 3e242cdb-2411-4669-84f7-bcbbb93645ac created successfully
2025-03-02 14:21:32 - api - INFO - Processing research task 3e242cdb-2411-4669-84f7-bcbbb93645ac for query: Research about: https://example.com/path/with/émojis/🔒
2025-03-02 14:21:33 - api - INFO - Research task ee1f2c84-64d4-4e0c-b59e-13a7860e9eac completed successfully
2025-03-02 14:21:33 - api - INFO - Creating new research task 56c76e16-f3c0-45df-9f3b-67dfb629e6e2 for query: Research about: https://example.com/path%20encoded
2025-03-02 14:21:33 - api - DEBUG - Initialized task state for 56c76e16-f3c0-45df-9f3b-67dfb629e6e2
2025-03-02 14:21:33 - api - INFO - Adding research task 56c76e16-f3c0-45df-9f3b-67dfb629e6e2 to background tasks
2025-03-02 14:21:33 - api - DEBUG - Research task 56c76e16-f3c0-45df-9f3b-67dfb629e6e2 created successfully
2025-03-02 14:21:33 - api - INFO - Processing research task 56c76e16-f3c0-45df-9f3b-67dfb629e6e2 for query: Research about: https://example.com/path%20encoded
2025-03-02 14:21:37 - api - INFO - Research task 89b4248c-853b-4fd6-9cf0-09a0c9baa109 completed successfully
2025-03-02 14:21:37 - api - INFO - Research task a3e8799b-6965-4032-9b32-086be041ce40 completed successfully
2025-03-02 14:21:37 - api - INFO - Research task 1783aab3-11d2-4205-8cdf-038a8e0a36e6 completed successfully
2025-03-02 14:21:37 - api - INFO - Research task 3ec61f50-07be-4ce9-b819-aa5e9ff011b6 completed successfully
2025-03-02 14:21:37 - api - INFO - Research task 31d9f59d-6017-4f7e-9d4a-34659bde5943 completed successfully
2025-03-02 14:21:38 - api - INFO - Research task a9920213-f5a8-4cb2-98dd-5b13a979e16a completed successfully
2025-03-02 14:21:38 - api - INFO - Research task 24b76d2f-f998-4629-8ac0-b2a4deb19691 completed successfully
2025-03-02 14:21:39 - api - INFO - Research task cd8dc545-53ad-42a0-8c82-52fd7bdf39d5 completed successfully
2025-03-02 14:21:41 - api - INFO - Research task 166bb7af-3a65-4d2c-afb6-375b2bc3784a completed successfully
2025-03-02 14:21:42 - api - INFO - Research task cbd8b67a-3259-41ac-aea0-5ff419f36b2a completed successfully
2025-03-02 14:21:43 - api - INFO - Research task d90e6476-b860-44ea-a911-c849f8dbbcca completed successfully
2025-03-02 14:21:45 - api - INFO - Research task 3e242cdb-2411-4669-84f7-bcbbb93645ac completed successfully
2025-03-02 14:21:46 - api - INFO - Research task be404fcf-4745-4c1c-aa9d-8c1e1d7f96b4 completed successfully
2025-03-02 14:21:46 - api - INFO - Research task 1b041310-b422-4fc3-b604-38c457ffd40c completed successfully
2025-03-02 14:21:48 - api - INFO - Research task 56c76e16-f3c0-45df-9f3b-67dfb629e6e2 completed successfully
2025-03-02 14:22:06 - api - INFO - Creating new research task 2dc3ebda-da96-4c0c-8c2e-0c73479322d9 for query: Research about: https://api.github.com/repos/user/repo
2025-03-02 14:22:06 - api - DEBUG - Initialized task state for 2dc3ebda-da96-4c0c-8c2e-0c73479322d9
2025-03-02 14:22:06 - api - INFO - Adding research task 2dc3ebda-da96-4c0c-8c2e-0c73479322d9 to background tasks
2025-03-02 14:22:06 - api - DEBUG - Research task 2dc3ebda-da96-4c0c-8c2e-0c73479322d9 created successfully
2025-03-02 14:22:06 - api - INFO - Processing research task 2dc3ebda-da96-4c0c-8c2e-0c73479322d9 for query: Research about: https://api.github.com/repos/user/repo
2025-03-02 14:22:28 - api - INFO - Research task 2dc3ebda-da96-4c0c-8c2e-0c73479322d9 completed successfully
2025-03-02 14:23:06 - api - INFO - Creating new research task a0ebea79-08a1-4ad7-8a2a-c8a8ce157c8d for query: Research about: https://api.github.com/repos/user/repo
2025-03-02 14:23:06 - api - DEBUG - Initialized task state for a0ebea79-08a1-4ad7-8a2a-c8a8ce157c8d
2025-03-02 14:23:06 - api - INFO - Adding research task a0ebea79-08a1-4ad7-8a2a-c8a8ce157c8d to background tasks
2025-03-02 14:23:06 - api - DEBUG - Research task a0ebea79-08a1-4ad7-8a2a-c8a8ce157c8d created successfully
2025-03-02 14:23:06 - api - INFO - Processing research task a0ebea79-08a1-4ad7-8a2a-c8a8ce157c8d for query: Research about: https://api.github.com/repos/user/repo
2025-03-02 14:23:07 - api - INFO - Creating new research task 8af3b24b-ccef-4780-bd3f-985f87500cc0 for query: Research about: https://docs.python.org/3/library/
2025-03-02 14:23:07 - api - DEBUG - Initialized task state for 8af3b24b-ccef-4780-bd3f-985f87500cc0
2025-03-02 14:23:07 - api - INFO - Adding research task 8af3b24b-ccef-4780-bd3f-985f87500cc0 to background tasks
2025-03-02 14:23:07 - api - DEBUG - Research task 8af3b24b-ccef-4780-bd3f-985f87500cc0 created successfully
2025-03-02 14:23:07 - api - INFO - Processing research task 8af3b24b-ccef-4780-bd3f-985f87500cc0 for query: Research about: https://docs.python.org/3/library/
2025-03-02 14:23:32 - api - INFO - Research task 8af3b24b-ccef-4780-bd3f-985f87500cc0 completed successfully
2025-03-02 14:23:35 - api - INFO - Research task a0ebea79-08a1-4ad7-8a2a-c8a8ce157c8d completed successfully
2025-03-02 14:33:39 - api - INFO - Creating new research task 2856bb28-cd26-435b-9205-d6c7f80b3f7f for query: Latest developments in quantum computing
2025-03-02 14:33:39 - api - DEBUG - Initialized task state for 2856bb28-cd26-435b-9205-d6c7f80b3f7f
2025-03-02 14:33:39 - api - INFO - Adding research task 2856bb28-cd26-435b-9205-d6c7f80b3f7f to background tasks
2025-03-02 14:33:39 - api - DEBUG - Research task 2856bb28-cd26-435b-9205-d6c7f80b3f7f created successfully
2025-03-02 14:33:39 - api - INFO - Processing research task 2856bb28-cd26-435b-9205-d6c7f80b3f7f for query: Latest developments in quantum computing
2025-03-02 14:33:48 - api - DEBUG - Checking status for task 2856bb28-cd26-435b-9205-d6c7f80b3f7f
2025-03-02 14:33:48 - api - DEBUG - Retrieved task 2856bb28-cd26-435b-9205-d6c7f80b3f7f with status: processing
2025-03-02 14:33:48 - api - DEBUG - Task 2856bb28-cd26-435b-9205-d6c7f80b3f7f is still processing
2025-03-02 14:33:51 - api - INFO - Research task 2856bb28-cd26-435b-9205-d6c7f80b3f7f completed successfully
2025-03-02 14:34:06 - api - DEBUG - Checking status for task 2856bb28-cd26-435b-9205-d6c7f80b3f7f
2025-03-02 14:34:06 - api - DEBUG - Retrieved task 2856bb28-cd26-435b-9205-d6c7f80b3f7f with status: completed
2025-03-02 14:34:06 - api - INFO - Task 2856bb28-cd26-435b-9205-d6c7f80b3f7f completed with confidence score: 0.0
2025-03-02 14:39:13 - api - INFO - Creating new research task 6c3e5aad-2f37-42dc-b9f9-79d40a58399f for query: why python is prefered over other languages ?
2025-03-02 14:39:13 - api - DEBUG - Initialized task state for 6c3e5aad-2f37-42dc-b9f9-79d40a58399f
2025-03-02 14:39:13 - api - INFO - Adding research task 6c3e5aad-2f37-42dc-b9f9-79d40a58399f to background tasks
2025-03-02 14:39:13 - api - DEBUG - Research task 6c3e5aad-2f37-42dc-b9f9-79d40a58399f created successfully
2025-03-02 14:39:13 - api - INFO - Processing research task 6c3e5aad-2f37-42dc-b9f9-79d40a58399f for query: why python is prefered over other languages ?
2025-03-02 14:39:13 - api - DEBUG - Checking status for task 6c3e5aad-2f37-42dc-b9f9-79d40a58399f
2025-03-02 14:39:13 - api - DEBUG - Retrieved task 6c3e5aad-2f37-42dc-b9f9-79d40a58399f with status: processing
2025-03-02 14:39:13 - api - DEBUG - Task 6c3e5aad-2f37-42dc-b9f9-79d40a58399f is still processing
2025-03-02 14:39:15 - api - DEBUG - Checking status for task 6c3e5aad-2f37-42dc-b9f9-79d40a58399f
2025-03-02 14:39:15 - api - DEBUG - Retrieved task 6c3e5aad-2f37-42dc-b9f9-79d40a58399f with status: processing
2025-03-02 14:39:15 - api - DEBUG - Task 6c3e5aad-2f37-42dc-b9f9-79d40a58399f is still processing
2025-03-02 14:39:17 - api - DEBUG - Checking status for task 6c3e5aad-2f37-42dc-b9f9-79d40a58399f
2025-03-02 14:39:17 - api - DEBUG - Retrieved task 6c3e5aad-2f37-42dc-b9f9-79d40a58399f with status: processing
2025-03-02 14:39:17 - api - DEBUG - Task 6c3e5aad-2f37-42dc-b9f9-79d40a58399f is still processing
2025-03-02 14:39:19 - api - DEBUG - Checking status for task 6c3e5aad-2f37-42dc-b9f9-79d40a58399f
2025-03-02 14:39:19 - api - DEBUG - Retrieved task 6c3e5aad-2f37-42dc-b9f9-79d40a58399f with status: processing
2025-03-02 14:39:19 - api - DEBUG - Task 6c3e5aad-2f37-42dc-b9f9-79d40a58399f is still processing
2025-03-02 14:39:21 - api - DEBUG - Checking status for task 6c3e5aad-2f37-42dc-b9f9-79d40a58399f
2025-03-02 14:39:21 - api - DEBUG - Retrieved task 6c3e5aad-2f37-42dc-b9f9-79d40a58399f with status: processing
2025-03-02 14:39:21 - api - DEBUG - Task 6c3e5aad-2f37-42dc-b9f9-79d40a58399f is still processing
2025-03-02 14:39:23 - api - DEBUG - Checking status for task 6c3e5aad-2f37-42dc-b9f9-79d40a58399f
2025-03-02 14:39:23 - api - DEBUG - Retrieved task 6c3e5aad-2f37-42dc-b9f9-79d40a58399f with status: processing
2025-03-02 14:39:23 - api - DEBUG - Task 6c3e5aad-2f37-42dc-b9f9-79d40a58399f is still processing
2025-03-02 14:39:25 - api - DEBUG - Checking status for task 6c3e5aad-2f37-42dc-b9f9-79d40a58399f
2025-03-02 14:39:25 - api - DEBUG - Retrieved task 6c3e5aad-2f37-42dc-b9f9-79d40a58399f with status: processing
2025-03-02 14:39:25 - api - DEBUG - Task 6c3e5aad-2f37-42dc-b9f9-79d40a58399f is still processing
2025-03-02 14:39:27 - api - DEBUG - Checking status for task 6c3e5aad-2f37-42dc-b9f9-79d40a58399f
2025-03-02 14:39:27 - api - DEBUG - Retrieved task 6c3e5aad-2f37-42dc-b9f9-79d40a58399f with status: processing
2025-03-02 14:39:27 - api - DEBUG - Task 6c3e5aad-2f37-42dc-b9f9-79d40a58399f is still processing
2025-03-02 14:39:28 - api - INFO - Research task 6c3e5aad-2f37-42dc-b9f9-79d40a58399f completed successfully
2025-03-02 14:39:29 - api - DEBUG - Checking status for task 6c3e5aad-2f37-42dc-b9f9-79d40a58399f
2025-03-02 14:39:29 - api - DEBUG - Retrieved task 6c3e5aad-2f37-42dc-b9f9-79d40a58399f with status: completed
2025-03-02 14:39:29 - api - INFO - Task 6c3e5aad-2f37-42dc-b9f9-79d40a58399f completed with confidence score: 0.0
2025-03-02 14:39:29 - api - DEBUG - Retrieving results for task 6c3e5aad-2f37-42dc-b9f9-79d40a58399f
2025-03-02 14:39:29 - api - DEBUG - Retrieved task 6c3e5aad-2f37-42dc-b9f9-79d40a58399f with status: completed
2025-03-02 14:39:29 - api - INFO - Returning results for completed task 6c3e5aad-2f37-42dc-b9f9-79d40a58399f
2025-03-02 14:40:13 - api - INFO - Creating new research task c1d12f73-0afa-4705-9247-925aeaa7b11d for query: where is mumbai located and why ?
2025-03-02 14:40:13 - api - DEBUG - Initialized task state for c1d12f73-0afa-4705-9247-925aeaa7b11d
2025-03-02 14:40:13 - api - INFO - Adding research task c1d12f73-0afa-4705-9247-925aeaa7b11d to background tasks
2025-03-02 14:40:13 - api - DEBUG - Research task c1d12f73-0afa-4705-9247-925aeaa7b11d created successfully
2025-03-02 14:40:13 - api - INFO - Processing research task c1d12f73-0afa-4705-9247-925aeaa7b11d for query: where is mumbai located and why ?
2025-03-02 14:40:13 - api - DEBUG - Checking status for task c1d12f73-0afa-4705-9247-925aeaa7b11d
2025-03-02 14:40:13 - api - DEBUG - Retrieved task c1d12f73-0afa-4705-9247-925aeaa7b11d with status: processing
2025-03-02 14:40:13 - api - DEBUG - Task c1d12f73-0afa-4705-9247-925aeaa7b11d is still processing
2025-03-02 14:40:15 - api - DEBUG - Checking status for task c1d12f73-0afa-4705-9247-925aeaa7b11d
2025-03-02 14:40:15 - api - DEBUG - Retrieved task c1d12f73-0afa-4705-9247-925aeaa7b11d with status: processing
2025-03-02 14:40:15 - api - DEBUG - Task c1d12f73-0afa-4705-9247-925aeaa7b11d is still processing
2025-03-02 14:40:17 - api - DEBUG - Checking status for task c1d12f73-0afa-4705-9247-925aeaa7b11d
2025-03-02 14:40:17 - api - DEBUG - Retrieved task c1d12f73-0afa-4705-9247-925aeaa7b11d with status: processing
2025-03-02 14:40:17 - api - DEBUG - Task c1d12f73-0afa-4705-9247-925aeaa7b11d is still processing
2025-03-02 14:40:19 - api - DEBUG - Checking status for task c1d12f73-0afa-4705-9247-925aeaa7b11d
2025-03-02 14:40:19 - api - DEBUG - Retrieved task c1d12f73-0afa-4705-9247-925aeaa7b11d with status: processing
2025-03-02 14:40:19 - api - DEBUG - Task c1d12f73-0afa-4705-9247-925aeaa7b11d is still processing
2025-03-02 14:40:21 - api - DEBUG - Checking status for task c1d12f73-0afa-4705-9247-925aeaa7b11d
2025-03-02 14:40:21 - api - DEBUG - Retrieved task c1d12f73-0afa-4705-9247-925aeaa7b11d with status: processing
2025-03-02 14:40:21 - api - DEBUG - Task c1d12f73-0afa-4705-9247-925aeaa7b11d is still processing
2025-03-02 14:40:23 - api - DEBUG - Checking status for task c1d12f73-0afa-4705-9247-925aeaa7b11d
2025-03-02 14:40:23 - api - DEBUG - Retrieved task c1d12f73-0afa-4705-9247-925aeaa7b11d with status: processing
2025-03-02 14:40:23 - api - DEBUG - Task c1d12f73-0afa-4705-9247-925aeaa7b11d is still processing
2025-03-02 14:40:25 - api - DEBUG - Checking status for task c1d12f73-0afa-4705-9247-925aeaa7b11d
2025-03-02 14:40:25 - api - DEBUG - Retrieved task c1d12f73-0afa-4705-9247-925aeaa7b11d with status: processing
2025-03-02 14:40:25 - api - DEBUG - Task c1d12f73-0afa-4705-9247-925aeaa7b11d is still processing
2025-03-02 14:40:27 - api - DEBUG - Checking status for task c1d12f73-0afa-4705-9247-925aeaa7b11d
2025-03-02 14:40:27 - api - DEBUG - Retrieved task c1d12f73-0afa-4705-9247-925aeaa7b11d with status: processing
2025-03-02 14:40:27 - api - DEBUG - Task c1d12f73-0afa-4705-9247-925aeaa7b11d is still processing
2025-03-02 14:40:29 - api - INFO - Research task c1d12f73-0afa-4705-9247-925aeaa7b11d completed successfully
2025-03-02 14:40:29 - api - DEBUG - Checking status for task c1d12f73-0afa-4705-9247-925aeaa7b11d
2025-03-02 14:40:29 - api - DEBUG - Retrieved task c1d12f73-0afa-4705-9247-925aeaa7b11d with status: completed
2025-03-02 14:40:29 - api - INFO - Task c1d12f73-0afa-4705-9247-925aeaa7b11d completed with confidence score: 0.0
2025-03-02 14:40:29 - api - DEBUG - Retrieving results for task c1d12f73-0afa-4705-9247-925aeaa7b11d
2025-03-02 14:40:29 - api - DEBUG - Retrieved task c1d12f73-0afa-4705-9247-925aeaa7b11d with status: completed
2025-03-02 14:40:29 - api - INFO - Returning results for completed task c1d12f73-0afa-4705-9247-925aeaa7b11d
